[debug] [2026-04-04T16:14:09.618Z] ----------------------------------------------------------------------
[debug] [2026-04-04T16:14:09.621Z] Command:       C:\Program Files\nodejs\node.exe C:\Users\LENOVO\AppData\Roaming\npm\node_modules\firebase-tools\lib\bin\firebase.js deploy --only firestore
[debug] [2026-04-04T16:14:09.621Z] CLI Version:   15.12.0
[debug] [2026-04-04T16:14:09.621Z] Platform:      win32
[debug] [2026-04-04T16:14:09.621Z] Node Version:  v24.12.0
[debug] [2026-04-04T16:14:09.621Z] Time:          Sat Apr 04 2026 13:14:09 GMT-0300 (hora estándar de Brasilia)
[debug] [2026-04-04T16:14:09.621Z] ----------------------------------------------------------------------
[debug] 
[debug] [2026-04-04T16:14:11.273Z] > command requires scopes: ["email","openid","https://www.googleapis.com/auth/cloudplatformprojects.readonly","https://www.googleapis.com/auth/firebase","https://www.googleapis.com/auth/cloud-platform"]
[debug] [2026-04-04T16:14:11.273Z] > authorizing via signed-in user (willdbga@gmail.com)
[debug] [2026-04-04T16:14:11.273Z] [iam] checking project restaurant-saas-a9dca for permissions ["datastore.indexes.create","datastore.indexes.delete","datastore.indexes.list","datastore.indexes.update","firebase.projects.get"]
[debug] [2026-04-04T16:14:11.274Z] Checked if tokens are valid: false, expires at: 1775319150830
[debug] [2026-04-04T16:14:11.275Z] Checked if tokens are valid: false, expires at: 1775319150830
[debug] [2026-04-04T16:14:11.275Z] > refreshing access token with scopes: []
[debug] [2026-04-04T16:14:11.276Z] >>> [apiv2][query] POST https://www.googleapis.com/oauth2/v3/token [none]
[debug] [2026-04-04T16:14:11.276Z] >>> [apiv2][body] POST https://www.googleapis.com/oauth2/v3/token [omitted]
[debug] [2026-04-04T16:14:11.522Z] <<< [apiv2][status] POST https://www.googleapis.com/oauth2/v3/token 200
[debug] [2026-04-04T16:14:11.522Z] <<< [apiv2][body] POST https://www.googleapis.com/oauth2/v3/token [omitted]
[debug] [2026-04-04T16:14:11.534Z] >>> [apiv2][query] POST https://cloudresourcemanager.googleapis.com/v1/projects/restaurant-saas-a9dca:testIamPermissions [none]
[debug] [2026-04-04T16:14:11.535Z] >>> [apiv2][(partial)header] POST https://cloudresourcemanager.googleapis.com/v1/projects/restaurant-saas-a9dca:testIamPermissions  x-goog-user-project=restaurant-saas-a9dca
[debug] [2026-04-04T16:14:11.535Z] >>> [apiv2][body] POST https://cloudresourcemanager.googleapis.com/v1/projects/restaurant-saas-a9dca:testIamPermissions {"permissions":["datastore.indexes.create","datastore.indexes.delete","datastore.indexes.list","datastore.indexes.update","firebase.projects.get"]}
